SF:lib/src/auth/auth_config.dart
DA:127,3
DA:140,3
DA:141,6
DA:144,6
DA:148,2
DA:149,4
DA:153,4
DA:156,2
DA:167,2
DA:168,2
DA:169,2
DA:170,2
DA:171,2
DA:172,2
DA:173,2
DA:174,1
DA:175,2
DA:176,1
LF:18
LH:18
end_of_record
SF:lib/src/auth/secure_storage_service.dart
DA:43,2
DA:53,1
DA:54,2
DA:60,1
DA:61,2
DA:67,1
DA:68,2
DA:74,1
DA:75,2
DA:81,1
DA:82,2
DA:88,1
DA:89,2
LF:13
LH:13
end_of_record
SF:lib/src/auth/secure_token_provider.dart
DA:59,1
DA:63,1
DA:75,2
DA:77,1
DA:78,3
DA:80,1
DA:81,3
DA:83,1
DA:85,3
DA:86,3
DA:89,1
DA:91,3
DA:92,3
LF:13
LH:13
end_of_record
SF:lib/src/auth/auth_interceptor.dart
DA:32,1
DA:35,2
DA:37,1
DA:42,3
DA:45,6
DA:48,1
DA:51,1
DA:56,2
DA:59,4
DA:60,2
DA:62,1
DA:67,2
DA:68,0
DA:70,1
DA:71,1
DA:76,1
DA:77,1
DA:78,1
DA:87,1
DA:101,1
DA:103,1
DA:104,2
DA:108,2
DA:114,2
DA:115,1
DA:118,2
DA:119,5
DA:124,2
DA:127,2
DA:130,1
DA:138,1
DA:139,3
DA:145,2
DA:146,2
DA:147,3
DA:148,3
DA:151,0
DA:152,0
DA:162,1
DA:163,3
DA:166,4
DA:167,2
DA:170,2
DA:177,2
DA:179,0
DA:180,0
LF:46
LH:41
end_of_record
SF:lib/src/client/api_client.dart
DA:30,0
DA:33,0
DA:38,0
DA:41,0
DA:42,0
DA:54,0
DA:61,0
DA:76,0
DA:85,0
DA:102,0
DA:111,0
DA:128,0
DA:135,0
DA:150,0
DA:159,0
DA:181,0
DA:188,0
DA:194,0
DA:207,0
DA:215,0
DA:222,0
DA:226,0
DA:234,0
DA:241,0
DA:245,0
DA:253,0
DA:260,0
DA:272,0
DA:279,0
DA:285,0
DA:286,0
DA:287,0
DA:288,0
LF:33
LH:0
end_of_record
SF:lib/src/client/api_client_config.dart
DA:47,0
DA:58,0
DA:67,0
DA:68,0
DA:69,0
DA:70,0
DA:71,0
DA:72,0
DA:73,0
DA:74,0
LF:10
LH:0
end_of_record
SF:lib/src/client/api_client_factory.dart
DA:14,0
DA:24,0
DA:34,0
DA:43,0
DA:53,0
DA:57,0
DA:59,0
DA:60,0
DA:61,0
DA:62,0
DA:63,0
DA:64,0
DA:69,0
DA:73,0
DA:74,0
DA:77,0
DA:78,0
DA:81,0
LF:18
LH:0
end_of_record
SF:lib/src/client/multipart_interceptor.dart
DA:28,0
DA:32,0
DA:38,0
DA:39,0
DA:40,0
DA:45,0
DA:46,0
DA:48,0
DA:49,0
DA:50,0
DA:51,0
DA:52,0
DA:58,0
DA:59,0
DA:60,0
DA:61,0
DA:64,0
DA:68,0
DA:69,0
DA:70,0
DA:71,0
DA:72,0
DA:78,0
DA:79,0
DA:81,0
DA:82,0
DA:83,0
DA:85,0
DA:86,0
DA:87,0
DA:88,0
DA:89,0
DA:91,0
DA:92,0
DA:93,0
DA:96,0
DA:100,0
DA:104,0
DA:105,0
DA:106,0
LF:40
LH:0
end_of_record
SF:lib/src/errors/api_exception.dart
DA:31,2
DA:38,0
DA:40,0
DA:41,0
DA:42,0
DA:44,0
DA:47,0
DA:50,0
DA:51,0
DA:52,0
DA:53,0
DA:55,0
DA:56,0
LF:13
LH:1
end_of_record
SF:lib/src/errors/http_exception.dart
DA:21,0
DA:29,0
DA:30,0
DA:45,0
DA:53,0
DA:54,0
DA:69,0
DA:74,0
DA:76,0
DA:77,0
DA:92,0
DA:97,0
DA:99,0
DA:100,0
DA:115,0
DA:120,0
DA:122,0
DA:123,0
DA:138,0
DA:146,0
DA:147,0
LF:21
LH:0
end_of_record
SF:lib/src/errors/network_exception.dart
DA:18,0
DA:25,0
DA:26,0
DA:44,0
DA:51,0
DA:53,0
DA:54,0
DA:55,0
DA:57,0
DA:78,0
DA:84,0
DA:85,0
LF:12
LH:0
end_of_record
SF:lib/src/models/result.dart
DA:17,0
DA:83,0
DA:85,0
DA:88,0
DA:91,0
DA:92,0
DA:94,0
DA:97,0
DA:98,0
DA:100,0
DA:105,0
DA:107,0
DA:112,0
DA:114,0
DA:116,0
DA:118,0
DA:121,0
DA:123,0
DA:126,0
DA:127,0
DA:128,0
DA:130,0
DA:131,0
DA:133,0
DA:134,0
DA:143,0
DA:145,0
DA:148,0
DA:151,0
DA:154,0
DA:155,0
DA:157,0
DA:158,0
DA:160,0
DA:165,0
DA:167,0
DA:172,0
DA:174,0
DA:175,0
DA:177,0
DA:180,0
DA:182,0
DA:185,0
DA:186,0
DA:187,0
DA:189,0
DA:190,0
DA:192,0
DA:193,0
DA:208,0
DA:210,0
DA:211,0
DA:212,0
LF:53
LH:0
end_of_record
SF:lib/src/retry/retry_config.dart
DA:38,0
DA:46,0
DA:51,0
DA:52,0
DA:53,0
DA:57,0
DA:58,0
DA:60,0
DA:61,0
DA:67,0
DA:73,0
DA:74,0
DA:75,0
DA:76,0
DA:77,0
DA:81,0
DA:83,0
DA:84,0
DA:85,0
DA:86,0
DA:89,0
DA:92,0
DA:93,0
DA:94,0
DA:95,0
DA:96,0
DA:97,0
DA:99,0
DA:100,0
DA:101,0
DA:102,0
DA:107,0
DA:109,0
DA:110,0
DA:111,0
DA:112,0
LF:36
LH:0
end_of_record
SF:lib/src/retry/retry_interceptor.dart
DA:29,0
DA:34,0
DA:39,0
DA:40,0
DA:43,0
DA:44,0
DA:49,0
DA:50,0
DA:55,0
DA:58,0
DA:59,0
DA:64,0
DA:65,0
DA:68,0
DA:72,0
DA:73,0
DA:74,0
DA:76,0
DA:81,0
DA:82,0
DA:86,0
DA:87,0
DA:91,0
DA:92,0
DA:99,0
DA:100,0
DA:104,0
LF:27
LH:0
end_of_record
SF:lib/src/cache/cache_config.dart
DA:54,0
DA:62,0
DA:65,0
DA:66,0
DA:69,0
DA:70,0
DA:73,0
DA:82,0
DA:83,0
DA:84,0
DA:85,0
DA:86,0
DA:87,0
DA:88,0
DA:89,0
DA:93,0
DA:95,0
DA:96,0
DA:97,0
DA:98,0
DA:99,0
LF:21
LH:0
end_of_record
SF:lib/src/cache/cache_entry.dart
DA:25,0
DA:35,0
DA:42,0
DA:43,0
DA:47,0
DA:54,0
DA:57,0
DA:60,0
DA:61,0
DA:62,0
DA:66,0
DA:74,0
DA:75,0
DA:76,0
DA:77,0
DA:78,0
DA:79,0
DA:80,0
DA:85,0
DA:86,0
DA:87,0
DA:88,0
DA:89,0
DA:90,0
DA:91,0
DA:92,0
DA:97,0
DA:98,0
DA:99,0
DA:100,0
DA:101,0
DA:102,0
DA:103,0
DA:104,0
DA:105,0
DA:110,0
DA:112,0
DA:113,0
DA:114,0
DA:115,0
LF:40
LH:0
end_of_record
SF:lib/src/cache/cache_interceptor.dart
DA:38,0
DA:42,0
DA:43,0
DA:47,0
DA:54,0
DA:55,0
DA:57,0
DA:68,0
DA:69,0
DA:70,0
DA:82,0
DA:83,0
DA:95,0
DA:96,0
DA:109,0
DA:110,0
DA:116,0
DA:117,0
DA:118,0
DA:119,0
DA:124,0
DA:125,0
DA:129,0
DA:130,0
DA:135,0
DA:141,0
DA:142,0
DA:146,0
DA:147,0
DA:150,0
DA:151,0
DA:152,0
DA:153,0
DA:154,0
DA:155,0
DA:156,0
DA:157,0
DA:158,0
DA:160,0
DA:161,0
DA:163,0
DA:168,0
DA:173,0
DA:176,0
DA:177,0
DA:182,0
DA:183,0
DA:186,0
DA:187,0
DA:188,0
DA:190,0
DA:191,0
DA:197,0
DA:198,0
DA:199,0
DA:201,0
DA:207,0
DA:208,0
DA:211,0
DA:214,0
DA:219,0
DA:220,0
DA:223,0
DA:224,0
DA:225,0
DA:230,0
DA:231,0
DA:236,0
DA:239,0
DA:241,0
DA:242,0
DA:246,0
DA:250,0
DA:255,0
DA:258,0
DA:259,0
DA:264,0
DA:265,0
DA:269,0
DA:274,0
DA:278,0
DA:279,0
DA:283,0
DA:285,0
DA:287,0
DA:288,0
DA:294,0
DA:295,0
DA:299,0
DA:304,0
DA:307,0
DA:308,0
DA:313,0
DA:314,0
DA:323,0
DA:330,0
DA:332,0
DA:336,0
DA:337,0
DA:340,0
DA:341,0
DA:343,0
DA:344,0
DA:346,0
DA:347,0
DA:351,0
DA:356,0
DA:358,0
DA:359,0
DA:360,0
DA:361,0
DA:362,0
DA:365,0
DA:366,0
DA:371,0
DA:372,0
DA:373,0
DA:374,0
DA:375,0
DA:378,0
DA:379,0
DA:380,0
DA:381,0
DA:383,0
DA:384,0
DA:387,0
DA:391,0
DA:392,0
DA:396,0
DA:398,0
DA:399,0
DA:403,0
DA:404,0
DA:407,0
DA:412,0
DA:420,0
DA:425,0
DA:426,0
DA:429,0
DA:432,0
DA:433,0
DA:434,0
DA:435,0
DA:437,0
DA:440,0
DA:442,0
DA:445,0
DA:446,0
DA:450,0
DA:454,0
DA:455,0
DA:461,0
DA:467,0
DA:468,0
DA:469,0
DA:470,0
DA:471,0
DA:473,0
DA:475,0
DA:480,0
DA:489,0
DA:490,0
DA:494,0
DA:500,0
DA:502,0
DA:505,0
DA:508,0
DA:509,0
DA:510,0
DA:512,0
DA:532,2
DA:539,0
DA:541,0
DA:542,0
DA:552,2
DA:554,0
DA:555,0
DA:561,0
DA:562,0
DA:566,0
DA:567,0
DA:571,0
DA:572,0
LF:183
LH:2
end_of_record
SF:lib/src/cache/cache_storage.dart
DA:60,0
DA:62,0
DA:66,0
DA:67,0
DA:74,0
DA:76,0
DA:79,0
DA:81,0
DA:84,0
DA:86,0
DA:89,0
DA:91,0
DA:95,0
DA:98,0
DA:99,0
DA:102,0
DA:104,0
DA:105,0
DA:106,0
DA:108,0
DA:111,0
DA:113,0
DA:117,0
LF:23
LH:0
end_of_record
SF:lib/src/cache/request_deduplicator.dart
DA:31,0
DA:35,0
DA:38,0
DA:39,0
DA:40,0
DA:42,0
DA:44,0
DA:49,0
DA:50,0
DA:53,0
DA:54,0
DA:57,0
DA:60,0
DA:65,0
DA:66,0
DA:67,0
DA:68,0
DA:69,0
DA:72,0
DA:73,0
DA:74,0
DA:77,0
DA:81,0
DA:83,0
DA:85,0
DA:86,0
DA:88,0
DA:91,0
DA:92,0
DA:93,0
DA:97,0
DA:100,0
DA:101,0
DA:102,0
DA:106,0
DA:107,0
DA:108,0
DA:112,0
DA:113,0
DA:121,0
LF:40
LH:0
end_of_record
SF:lib/src/logging/logger_config.dart
DA:24,0
DA:26,0
DA:28,0
DA:30,0
DA:32,0
DA:34,0
DA:75,0
DA:89,0
DA:91,0
DA:92,0
DA:93,0
DA:95,0
DA:96,0
DA:98,0
DA:99,0
DA:101,0
DA:102,0
DA:105,0
DA:147,4
DA:162,0
DA:172,0
DA:181,0
DA:184,0
DA:185,0
DA:186,0
DA:190,0
DA:191,0
DA:192,0
DA:193,0
DA:194,0
DA:195,0
DA:196,0
DA:204,0
DA:207,0
DA:208,0
DA:210,0
DA:214,0
DA:227,0
DA:228,0
DA:229,0
DA:230,0
DA:231,0
DA:232,0
DA:233,0
DA:234,0
DA:235,0
DA:236,0
DA:237,0
DA:238,0
DA:248,0
DA:249,0
DA:253,0
DA:256,0
DA:257,0
DA:259,0
LF:55
LH:1
end_of_record
SF:lib/src/logging/logger_interceptor.dart
DA:18,0
DA:22,0
DA:27,0
DA:29,0
DA:30,0
DA:33,0
DA:36,0
DA:41,0
DA:42,0
DA:45,0
DA:48,0
DA:53,0
DA:54,0
DA:57,0
DA:60,0
DA:61,0
DA:62,0
DA:65,0
DA:66,0
DA:67,0
DA:68,0
DA:70,0
DA:73,0
DA:75,0
DA:76,0
DA:80,0
DA:81,0
DA:82,0
DA:84,0
DA:85,0
DA:88,0
DA:89,0
DA:90,0
DA:92,0
DA:93,0
DA:94,0
DA:97,0
DA:100,0
DA:102,0
DA:103,0
DA:107,0
DA:108,0
DA:109,0
DA:111,0
DA:112,0
DA:115,0
DA:116,0
DA:117,0
DA:119,0
DA:120,0
DA:121,0
DA:122,0
DA:126,0
DA:128,0
DA:129,0
DA:133,0
DA:134,0
DA:135,0
DA:137,0
DA:141,0
DA:142,0
DA:144,0
DA:145,0
DA:148,0
DA:150,0
DA:151,0
DA:153,0
DA:154,0
DA:156,0
DA:157,0
DA:159,0
DA:160,0
DA:162,0
DA:163,0
DA:167,0
DA:170,0
DA:171,0
DA:172,0
DA:173,0
DA:176,0
DA:179,0
DA:181,0
DA:185,0
DA:186,0
DA:187,0
DA:188,0
DA:191,0
DA:194,0
DA:196,0
DA:200,0
DA:202,0
DA:203,0
DA:205,0
DA:207,0
DA:209,0
DA:213,0
DA:214,0
DA:215,0
DA:216,0
DA:217,0
LF:100
LH:0
end_of_record
SF:lib/src/observability/metrics_interceptor.dart
DA:47,0
DA:65,0
DA:75,0
DA:76,0
DA:77,0
DA:78,0
DA:79,0
DA:80,0
DA:81,0
DA:82,0
DA:83,0
DA:84,0
DA:85,0
DA:86,0
DA:87,0
DA:88,0
DA:89,0
DA:94,0
DA:95,0
DA:96,0
DA:97,0
DA:98,0
DA:99,0
DA:100,0
DA:101,0
DA:102,0
DA:103,0
DA:104,0
DA:105,0
DA:106,0
DA:107,0
DA:108,0
DA:109,0
DA:113,0
DA:115,0
DA:116,0
DA:117,0
DA:138,0
DA:147,0
DA:148,0
DA:149,0
DA:150,0
DA:151,0
DA:152,0
DA:153,0
DA:196,2
DA:206,0
DA:236,0
DA:241,0
DA:242,0
DA:245,0
DA:247,0
DA:252,0
DA:253,0
DA:254,0
DA:255,0
DA:257,0
DA:259,0
DA:260,0
DA:261,0
DA:262,0
DA:263,0
DA:268,0
DA:271,0
DA:276,0
DA:277,0
DA:279,0
DA:281,0
DA:283,0
DA:287,0
DA:290,0
DA:293,0
DA:294,0
DA:295,0
DA:296,0
DA:297,0
DA:298,0
DA:304,0
DA:307,0
DA:312,0
DA:313,0
DA:315,0
DA:317,0
DA:319,0
DA:320,0
DA:322,0
DA:326,0
DA:329,0
DA:332,0
DA:333,0
DA:334,0
DA:335,0
DA:336,0
DA:337,0
DA:338,0
DA:339,0
DA:340,0
DA:346,0
DA:349,0
DA:350,0
DA:351,0
DA:353,0
DA:355,0
DA:356,0
DA:357,0
DA:359,0
DA:363,0
DA:371,0
DA:374,0
DA:375,0
DA:377,0
DA:388,0
DA:393,0
DA:395,0
DA:399,0
DA:404,0
DA:405,0
DA:408,0
DA:409,0
DA:411,0
DA:417,0
DA:418,0
DA:419,0
DA:421,0
LF:124
LH:1
end_of_record
SF:lib/src/observability/sentry_interceptor.dart
DA:71,2
DA:84,0
DA:87,0
DA:88,0
DA:89,0
DA:90,0
DA:91,0
DA:98,0
DA:100,0
DA:101,0
DA:102,0
DA:128,0
DA:132,0
DA:137,0
DA:138,0
DA:140,0
DA:143,0
DA:148,0
DA:149,0
DA:153,0
DA:154,0
DA:155,0
DA:156,0
DA:157,0
DA:160,0
DA:163,0
DA:168,0
DA:169,0
DA:171,0
DA:174,0
DA:175,0
DA:176,0
DA:179,0
DA:180,0
DA:181,0
DA:182,0
DA:183,0
DA:188,0
DA:189,0
DA:190,0
DA:191,0
DA:194,0
DA:195,0
DA:196,0
DA:197,0
DA:198,0
DA:203,0
DA:204,0
DA:206,0
DA:207,0
DA:208,0
DA:209,0
DA:210,0
DA:213,0
DA:215,0
DA:216,0
DA:220,0
DA:221,0
DA:223,0
DA:225,0
DA:226,0
DA:227,0
DA:231,0
DA:235,0
DA:236,0
DA:237,0
DA:238,0
DA:239,0
DA:240,0
DA:241,0
DA:242,0
DA:243,0
DA:244,0
DA:245,0
DA:246,0
DA:247,0
DA:249,0
DA:253,0
DA:254,0
DA:255,0
DA:256,0
DA:257,0
DA:258,0
DA:277,0
DA:284,0
DA:286,0
LF:86
LH:1
end_of_record
SF:lib/src/observability/sentry_setup.dart
DA:57,0
DA:76,0
DA:80,0
DA:90,0
DA:94,0
DA:121,0
DA:126,0
DA:129,0
DA:133,0
DA:134,0
DA:139,0
DA:145,0
DA:146,0
DA:147,0
DA:148,0
DA:150,0
DA:151,0
DA:154,0
DA:155,0
DA:164,0
DA:165,0
DA:166,0
DA:169,0
DA:170,0
DA:173,0
DA:179,0
DA:180,0
DA:189,0
DA:195,0
DA:200,0
DA:201,0
DA:207,0
DA:212,0
DA:213,0
DA:216,0
DA:221,0
DA:222,0
DA:229,0
DA:230,0
DA:232,0
DA:233,0
DA:234,0
DA:237,0
DA:242,0
DA:250,0
DA:260,0
DA:263,0
DA:277,0
DA:281,0
DA:282,0
DA:285,0
DA:291,0
DA:294,0
DA:295,0
DA:296,0
DA:302,0
DA:308,0
DA:309,0
DA:319,0
DA:325,0
DA:326,0
DA:327,0
DA:338,0
DA:339,0
DA:340,0
DA:345,0
DA:346,0
DA:347,0
DA:352,0
DA:353,0
DA:354,0
LF:71
LH:0
end_of_record
