SF:lib/src/auth/auth_config.dart
DA:128,4
DA:141,3
DA:142,6
DA:145,6
DA:149,2
DA:150,4
DA:154,4
DA:157,2
DA:168,2
DA:169,2
DA:170,2
DA:171,2
DA:172,2
DA:173,2
DA:174,2
DA:175,1
DA:176,2
DA:177,1
LF:18
LH:18
end_of_record
SF:lib/src/auth/auth_interceptor.dart
DA:32,1
DA:35,2
DA:37,1
DA:42,3
DA:45,6
DA:48,1
DA:51,1
DA:56,2
DA:59,4
DA:60,2
DA:62,1
DA:67,2
DA:68,0
DA:70,1
DA:71,1
DA:76,1
DA:77,1
DA:78,1
DA:87,1
DA:101,1
DA:103,1
DA:104,2
DA:108,2
DA:114,2
DA:115,1
DA:118,2
DA:119,5
DA:124,2
DA:127,2
DA:130,1
DA:138,1
DA:139,3
DA:145,2
DA:146,2
DA:147,3
DA:148,3
DA:151,0
DA:152,0
DA:162,1
DA:163,3
DA:166,4
DA:167,2
DA:170,2
DA:177,14
DA:179,0
DA:180,0
LF:46
LH:41
end_of_record
SF:lib/src/auth/secure_storage_service.dart
DA:42,3
DA:66,0
DA:70,0
DA:71,0
DA:72,0
DA:88,1
DA:89,2
DA:96,1
DA:98,2
DA:100,0
DA:101,0
DA:112,0
DA:113,0
DA:114,0
DA:115,0
DA:116,0
DA:117,0
DA:118,0
DA:124,1
DA:125,2
DA:131,1
DA:132,2
DA:139,1
DA:141,2
DA:143,0
DA:144,0
DA:155,1
DA:157,2
DA:159,0
DA:160,0
DA:161,0
LF:31
LH:13
end_of_record
SF:lib/src/auth/secure_token_provider.dart
DA:59,2
DA:63,2
DA:75,2
DA:77,1
DA:78,3
DA:80,1
DA:81,3
DA:83,1
DA:85,3
DA:86,3
DA:89,1
DA:91,3
DA:92,3
LF:13
LH:13
end_of_record
SF:lib/src/client/api_client.dart
DA:30,3
DA:33,3
DA:38,4
DA:41,2
DA:42,4
DA:54,2
DA:61,4
DA:76,2
DA:85,4
DA:102,1
DA:111,2
DA:128,1
DA:135,2
DA:150,1
DA:159,2
DA:180,1
DA:187,1
DA:193,2
DA:204,1
DA:211,1
DA:217,2
DA:223,1
DA:231,1
DA:238,2
DA:253,1
DA:261,1
DA:268,2
DA:274,0
DA:282,0
DA:289,0
DA:295,0
DA:303,0
DA:310,0
DA:316,0
DA:324,0
DA:331,0
DA:337,0
DA:345,0
DA:352,0
DA:361,1
DA:362,3
DA:376,1
DA:383,1
DA:389,3
DA:401,1
DA:408,1
DA:414,2
DA:415,1
DA:425,1
DA:432,1
DA:438,3
DA:443,1
DA:450,1
DA:456,2
DA:458,1
DA:469,1
DA:476,1
DA:482,2
DA:483,1
DA:484,3
DA:485,1
DA:490,1
DA:497,1
DA:503,2
DA:506,1
DA:507,3
DA:508,1
DA:513,1
DA:520,1
DA:526,2
DA:527,1
DA:529,1
DA:530,3
DA:531,1
DA:545,1
DA:552,1
DA:558,2
DA:559,3
DA:560,1
DA:565,1
DA:572,1
DA:578,2
DA:580,0
DA:585,1
DA:592,1
DA:598,2
DA:599,1
DA:600,0
DA:606,1
DA:614,1
DA:621,3
DA:626,1
DA:634,1
DA:641,2
DA:642,0
DA:657,1
DA:665,1
DA:672,3
DA:677,1
DA:685,1
DA:692,2
DA:694,0
DA:699,1
DA:707,1
DA:714,2
DA:715,1
DA:716,3
DA:717,1
DA:722,1
DA:730,1
DA:737,2
DA:740,0
DA:741,0
DA:742,0
DA:747,1
DA:755,1
DA:762,2
DA:763,1
DA:765,0
DA:766,0
DA:767,0
DA:772,1
DA:780,1
DA:787,2
DA:788,3
DA:789,1
DA:794,1
DA:802,1
DA:809,2
DA:811,0
DA:816,1
DA:824,1
DA:831,2
DA:832,1
DA:833,0
LF:135
LH:111
end_of_record
SF:lib/src/client/api_client_config.dart
DA:56,2
DA:68,2
DA:78,2
DA:79,2
DA:80,2
DA:81,1
DA:82,2
DA:83,2
DA:84,2
DA:85,2
DA:86,2
LF:11
LH:11
end_of_record
SF:lib/src/client/api_client_factory.dart
DA:25,0
DA:49,2
DA:65,2
DA:74,2
DA:93,2
DA:103,2
DA:105,4
DA:106,2
DA:107,2
DA:108,2
DA:109,2
DA:110,2
DA:115,1
DA:119,4
DA:120,4
DA:125,0
DA:130,0
DA:135,0
DA:136,0
DA:137,0
DA:142,0
DA:147,0
DA:148,0
DA:153,0
DA:157,2
DA:158,6
DA:163,4
DA:165,2
LF:28
LH:18
end_of_record
SF:lib/src/client/multipart_interceptor.dart
DA:28,2
DA:32,2
DA:38,4
DA:39,1
DA:40,1
DA:45,4
DA:46,2
DA:48,2
DA:49,1
DA:50,1
DA:51,1
DA:52,1
DA:58,2
DA:59,2
DA:60,1
DA:61,2
DA:64,2
DA:68,2
DA:69,4
DA:70,2
DA:71,2
DA:72,2
DA:78,1
DA:79,1
DA:81,2
DA:82,1
DA:83,1
DA:85,1
DA:86,2
DA:87,1
DA:88,2
DA:89,3
DA:91,1
DA:92,0
DA:93,0
DA:96,1
DA:100,1
DA:104,1
DA:105,3
DA:106,2
LF:40
LH:38
end_of_record
SF:lib/src/errors/api_exception.dart
DA:31,10
DA:38,2
DA:40,6
DA:41,2
DA:42,3
DA:44,2
DA:47,2
DA:50,2
DA:51,6
DA:52,6
DA:53,3
DA:55,1
DA:56,5
LF:13
LH:13
end_of_record
SF:lib/src/errors/error_mapper_interceptor.dart
DA:27,7
DA:29,1
DA:31,1
DA:33,1
DA:34,1
DA:35,1
DA:36,1
DA:37,1
DA:39,1
DA:45,2
DA:46,2
DA:47,2
DA:48,2
DA:49,2
DA:50,4
DA:52,2
DA:55,2
DA:56,1
DA:57,1
DA:58,2
DA:60,1
DA:63,2
DA:64,1
DA:65,1
DA:66,2
DA:68,1
DA:71,2
DA:72,2
DA:73,2
DA:75,2
DA:78,2
DA:79,2
DA:81,1
DA:82,1
DA:85,1
DA:88,1
DA:89,1
DA:90,1
DA:92,1
DA:95,1
DA:97,2
DA:98,1
DA:100,1
DA:101,1
DA:102,1
DA:103,1
DA:108,2
DA:109,2
DA:110,2
DA:111,2
DA:114,3
DA:116,1
DA:118,1
DA:120,3
DA:122,1
DA:124,1
DA:126,4
DA:128,2
DA:130,2
DA:132,2
DA:135,2
DA:137,2
DA:142,2
DA:143,2
DA:145,2
DA:147,2
DA:148,2
DA:149,1
DA:150,1
DA:152,2
DA:157,2
LF:71
LH:71
end_of_record
SF:lib/src/errors/http_exception.dart
DA:21,2
DA:29,1
DA:30,3
DA:45,2
DA:53,1
DA:54,3
DA:69,1
DA:74,1
DA:76,1
DA:77,2
DA:92,1
DA:97,1
DA:99,1
DA:100,2
DA:115,2
DA:120,2
DA:122,1
DA:123,2
DA:138,0
DA:146,1
DA:147,3
LF:21
LH:20
end_of_record
SF:lib/src/errors/network_exception.dart
DA:18,2
DA:25,2
DA:26,4
DA:44,2
DA:51,1
DA:53,3
DA:54,1
DA:55,4
DA:57,1
DA:78,2
DA:84,2
DA:85,4
LF:12
LH:12
end_of_record
SF:lib/src/models/result.dart
DA:17,1
DA:123,2
DA:125,1
DA:128,1
DA:131,1
DA:132,1
DA:134,1
DA:137,1
DA:138,1
DA:140,0
DA:141,0
DA:143,1
DA:148,2
DA:150,1
DA:155,2
DA:157,1
DA:159,3
DA:161,1
DA:164,3
DA:166,0
DA:168,0
DA:170,0
DA:173,0
DA:175,0
DA:178,0
DA:180,0
DA:183,1
DA:186,1
DA:187,3
DA:188,3
DA:190,0
DA:191,0
DA:193,1
DA:194,2
DA:203,2
DA:205,1
DA:208,1
DA:211,1
DA:214,1
DA:215,1
DA:217,1
DA:218,1
DA:220,0
DA:221,0
DA:223,1
DA:228,2
DA:230,1
DA:235,2
DA:237,1
DA:238,2
DA:240,1
DA:243,2
DA:245,0
DA:247,0
DA:249,0
DA:252,0
DA:254,0
DA:257,0
DA:259,0
DA:261,0
DA:263,1
DA:266,1
DA:267,3
DA:268,3
DA:270,0
DA:271,0
DA:273,1
DA:274,2
DA:289,1
DA:291,1
DA:292,1
DA:293,1
LF:72
LH:49
end_of_record
SF:lib/src/retry/retry_config.dart
DA:38,1
DA:46,6
DA:51,1
DA:52,4
DA:53,2
DA:57,1
DA:58,1
DA:60,2
DA:61,1
DA:67,1
DA:73,1
DA:74,0
DA:75,1
DA:76,1
DA:77,1
DA:81,1
DA:83,2
DA:84,1
DA:85,1
DA:86,1
DA:89,1
DA:92,1
DA:93,3
DA:94,3
DA:95,0
DA:96,0
DA:97,0
DA:99,0
DA:100,0
DA:101,0
DA:102,0
DA:107,0
DA:109,0
DA:110,0
DA:111,0
DA:112,0
LF:36
LH:23
end_of_record
SF:lib/src/retry/retry_interceptor.dart
DA:29,1
DA:34,1
DA:39,2
DA:40,1
DA:43,1
DA:44,1
DA:49,2
DA:50,1
DA:55,1
DA:58,3
DA:59,0
DA:64,2
DA:65,1
DA:68,2
DA:72,2
DA:73,0
DA:74,1
DA:76,1
DA:81,1
DA:82,3
DA:86,1
DA:87,2
DA:91,1
DA:92,2
DA:99,1
DA:100,2
DA:104,4
LF:27
LH:25
end_of_record
SF:lib/src/cache/cache_config.dart
DA:54,4
DA:62,3
DA:65,3
DA:66,9
DA:69,3
DA:70,12
DA:73,1
DA:82,1
DA:83,1
DA:84,0
DA:85,1
DA:86,1
DA:87,1
DA:88,1
DA:89,1
DA:93,0
DA:95,0
DA:96,0
DA:97,0
DA:98,0
DA:99,0
LF:21
LH:14
end_of_record
SF:lib/src/cache/cache_entry.dart
DA:25,3
DA:35,3
DA:42,3
DA:43,3
DA:47,3
DA:54,12
DA:57,6
DA:60,3
DA:61,9
DA:62,3
DA:66,1
DA:74,1
DA:75,1
DA:76,0
DA:77,1
DA:78,1
DA:79,1
DA:80,1
DA:85,2
DA:86,2
DA:87,4
DA:88,4
DA:89,6
DA:90,6
DA:91,6
DA:92,4
DA:97,2
DA:98,2
DA:99,2
DA:100,2
DA:101,4
DA:102,4
DA:103,2
DA:104,2
DA:105,2
DA:110,0
DA:112,0
DA:113,0
DA:114,0
DA:115,0
LF:40
LH:34
end_of_record
SF:lib/src/cache/cache_interceptor.dart
DA:38,1
DA:42,0
DA:43,0
DA:47,0
DA:54,1
DA:55,3
DA:57,3
DA:68,1
DA:69,1
DA:70,1
DA:82,1
DA:83,3
DA:95,1
DA:96,3
DA:109,1
DA:110,5
DA:116,1
DA:117,3
DA:118,1
DA:119,3
DA:124,1
DA:125,3
DA:129,1
DA:130,3
DA:135,1
DA:141,3
DA:142,1
DA:146,1
DA:147,1
DA:150,1
DA:151,1
DA:152,1
DA:153,1
DA:154,1
DA:155,1
DA:156,1
DA:157,1
DA:158,2
DA:160,4
DA:161,0
DA:163,1
DA:168,1
DA:173,1
DA:176,3
DA:177,0
DA:182,3
DA:183,1
DA:186,1
DA:187,2
DA:188,3
DA:190,1
DA:191,1
DA:197,1
DA:198,2
DA:199,1
DA:201,1
DA:207,1
DA:208,1
DA:211,1
DA:214,1
DA:219,1
DA:220,1
DA:223,1
DA:224,1
DA:225,0
DA:230,3
DA:231,0
DA:236,2
DA:239,3
DA:241,1
DA:242,1
DA:246,1
DA:250,1
DA:255,3
DA:258,1
DA:259,1
DA:264,2
DA:265,1
DA:269,1
DA:274,3
DA:278,1
DA:279,3
DA:283,1
DA:285,3
DA:287,1
DA:288,1
DA:294,2
DA:295,1
DA:299,1
DA:304,3
DA:307,1
DA:308,1
DA:313,1
DA:314,1
DA:323,0
DA:330,0
DA:332,0
DA:336,0
DA:337,0
DA:340,0
DA:341,0
DA:343,0
DA:344,0
DA:346,0
DA:347,0
DA:351,0
DA:356,0
DA:358,0
DA:359,0
DA:360,0
DA:361,0
DA:362,0
DA:365,0
DA:366,0
DA:371,1
DA:372,1
DA:373,2
DA:374,1
DA:375,3
DA:378,2
DA:379,1
DA:380,3
DA:381,5
DA:383,1
DA:384,4
DA:387,1
DA:391,1
DA:392,4
DA:396,1
DA:398,2
DA:399,2
DA:403,1
DA:404,1
DA:407,2
DA:412,0
DA:420,1
DA:425,1
DA:426,2
DA:429,2
DA:432,1
DA:433,2
DA:434,1
DA:435,2
DA:437,2
DA:440,1
DA:442,1
DA:445,3
DA:446,3
DA:450,3
DA:454,1
DA:455,1
DA:461,5
DA:467,2
DA:468,1
DA:469,1
DA:470,1
DA:471,1
DA:473,1
DA:475,0
DA:480,1
DA:489,1
DA:490,1
DA:494,1
DA:500,2
DA:502,0
DA:505,1
DA:508,1
DA:509,1
DA:510,2
DA:512,1
DA:532,7
DA:539,1
DA:541,3
DA:542,2
DA:552,7
DA:554,1
DA:555,2
DA:561,1
DA:562,2
DA:566,1
DA:567,2
DA:571,1
DA:572,3
LF:183
LH:153
end_of_record
SF:lib/src/cache/cache_storage.dart
DA:60,3
DA:62,6
DA:66,3
DA:67,2
DA:74,3
DA:76,6
DA:79,3
DA:81,6
DA:84,3
DA:86,6
DA:89,3
DA:91,3
DA:95,2
DA:98,8
DA:99,6
DA:102,2
DA:104,8
DA:105,4
DA:106,4
DA:108,2
DA:111,2
DA:113,6
DA:117,6
LF:23
LH:23
end_of_record
SF:lib/src/cache/request_deduplicator.dart
DA:31,1
DA:35,1
DA:38,2
DA:39,2
DA:40,2
DA:42,2
DA:44,2
DA:49,1
DA:50,3
DA:53,1
DA:54,1
DA:57,1
DA:60,2
DA:65,1
DA:66,1
DA:67,2
DA:68,1
DA:69,3
DA:72,1
DA:73,2
DA:74,2
DA:77,1
DA:81,1
DA:83,1
DA:85,1
DA:86,1
DA:88,0
DA:91,1
DA:92,1
DA:93,1
DA:97,3
DA:100,1
DA:101,1
DA:102,2
DA:106,0
DA:107,0
DA:108,0
DA:112,0
DA:113,0
DA:121,1
LF:40
LH:34
end_of_record
SF:lib/src/logging/logger_config.dart
DA:24,2
DA:26,2
DA:28,2
DA:30,2
DA:32,2
DA:34,1
DA:75,2
DA:89,1
DA:91,1
DA:92,4
DA:93,2
DA:95,2
DA:96,4
DA:98,1
DA:99,3
DA:101,1
DA:102,3
DA:105,1
DA:147,9
DA:162,1
DA:172,1
DA:181,1
DA:184,1
DA:185,1
DA:186,5
DA:190,1
DA:191,1
DA:192,2
DA:193,1
DA:194,3
DA:195,2
DA:196,1
DA:204,1
DA:207,1
DA:208,3
DA:210,3
DA:214,1
DA:227,1
DA:228,1
DA:229,0
DA:230,1
DA:231,1
DA:232,0
DA:233,1
DA:234,1
DA:235,1
DA:236,1
DA:237,1
DA:238,1
DA:248,1
DA:249,4
DA:253,3
DA:256,1
DA:257,1
DA:259,3
LF:55
LH:53
end_of_record
SF:lib/src/logging/logger_interceptor.dart
DA:18,1
DA:22,1
DA:27,1
DA:29,2
DA:30,1
DA:33,1
DA:36,1
DA:41,2
DA:42,1
DA:45,1
DA:48,1
DA:53,4
DA:54,1
DA:57,1
DA:60,1
DA:61,1
DA:62,1
DA:65,1
DA:66,2
DA:67,2
DA:68,4
DA:70,3
DA:73,1
DA:75,3
DA:76,0
DA:80,1
DA:81,1
DA:82,1
DA:84,1
DA:85,1
DA:88,1
DA:89,2
DA:90,1
DA:92,2
DA:93,0
DA:94,0
DA:97,3
DA:100,1
DA:102,3
DA:103,0
DA:107,1
DA:108,1
DA:109,1
DA:111,1
DA:112,1
DA:115,1
DA:116,2
DA:117,2
DA:119,2
DA:120,2
DA:121,1
DA:122,2
DA:126,1
DA:128,3
DA:129,0
DA:133,1
DA:134,2
DA:135,3
DA:137,0
DA:141,0
DA:142,0
DA:144,0
DA:145,0
DA:148,0
DA:150,0
DA:151,0
DA:153,0
DA:154,0
DA:156,0
DA:157,0
DA:159,0
DA:160,0
DA:162,0
DA:163,0
DA:167,0
DA:170,0
DA:171,0
DA:172,0
DA:173,0
DA:176,0
DA:179,0
DA:181,0
DA:185,0
DA:186,0
DA:187,0
DA:188,0
DA:191,0
DA:194,0
DA:196,0
DA:200,0
DA:202,0
DA:203,0
DA:205,0
DA:207,0
DA:209,0
DA:213,0
DA:214,0
DA:215,0
DA:216,0
DA:217,0
LF:100
LH:53
end_of_record
SF:lib/src/observability/error_tracking_interceptor.dart
DA:84,9
DA:97,1
DA:101,1
DA:102,1
DA:103,3
DA:104,6
DA:105,1
DA:112,1
DA:114,1
DA:115,3
DA:116,3
DA:143,1
DA:147,1
DA:152,4
DA:153,1
DA:155,1
DA:158,1
DA:163,4
DA:164,1
DA:168,2
DA:169,2
DA:170,1
DA:171,4
DA:172,1
DA:175,1
DA:178,1
DA:183,4
DA:184,1
DA:186,1
DA:189,1
DA:190,4
DA:191,3
DA:194,1
DA:195,2
DA:196,3
DA:197,2
DA:198,0
DA:203,1
DA:204,1
DA:205,4
DA:206,4
DA:209,1
DA:210,1
DA:211,2
DA:212,1
DA:213,1
DA:218,1
DA:219,1
DA:221,1
DA:222,1
DA:223,1
DA:224,2
DA:225,1
DA:228,3
DA:230,1
DA:231,2
DA:235,1
DA:236,1
DA:238,3
DA:240,1
DA:241,2
DA:242,2
DA:246,1
DA:250,1
DA:251,2
DA:252,3
DA:253,2
DA:254,1
DA:255,4
DA:256,2
DA:257,0
DA:258,1
DA:259,2
DA:260,2
DA:261,3
DA:262,0
DA:264,5
DA:268,1
DA:269,1
DA:270,2
DA:271,3
DA:272,2
DA:273,5
DA:292,1
DA:299,1
DA:301,5
LF:86
LH:83
end_of_record
SF:lib/src/observability/metrics_interceptor.dart
DA:47,2
DA:65,2
DA:75,2
DA:76,2
DA:77,2
DA:78,2
DA:79,2
DA:80,2
DA:81,1
DA:82,1
DA:83,1
DA:84,1
DA:85,1
DA:86,2
DA:87,2
DA:88,2
DA:89,2
DA:94,1
DA:95,1
DA:96,2
DA:97,2
DA:98,2
DA:99,2
DA:100,3
DA:101,4
DA:102,3
DA:103,3
DA:104,2
DA:105,1
DA:106,1
DA:107,1
DA:108,1
DA:109,2
DA:113,1
DA:115,3
DA:116,3
DA:117,3
DA:138,1
DA:147,1
DA:148,1
DA:149,2
DA:150,1
DA:151,1
DA:152,2
DA:153,1
DA:196,9
DA:206,1
DA:236,1
DA:241,0
DA:242,0
DA:245,3
DA:247,1
DA:252,2
DA:253,1
DA:254,3
DA:255,3
DA:257,1
DA:259,3
DA:260,1
DA:261,1
DA:262,2
DA:263,1
DA:268,1
DA:271,1
DA:276,2
DA:277,3
DA:279,1
DA:281,1
DA:283,1
DA:287,3
DA:290,1
DA:293,6
DA:294,1
DA:295,3
DA:296,4
DA:297,2
DA:298,2
DA:304,1
DA:307,1
DA:312,2
DA:313,3
DA:315,1
DA:317,2
DA:319,1
DA:320,2
DA:322,3
DA:326,3
DA:329,1
DA:332,7
DA:333,1
DA:334,3
DA:335,4
DA:336,3
DA:337,2
DA:338,3
DA:339,3
DA:340,2
DA:346,1
DA:349,1
DA:350,4
DA:351,1
DA:353,1
DA:355,1
DA:356,2
DA:357,1
DA:359,2
DA:363,1
DA:371,2
DA:374,1
DA:375,3
DA:377,1
DA:388,1
DA:393,2
DA:395,4
DA:399,1
DA:404,1
DA:405,5
DA:408,0
DA:409,0
DA:411,0
DA:417,1
DA:418,2
DA:419,0
DA:421,0
LF:124
LH:117
end_of_record
SF:lib/src/observability/sentry_setup.dart
DA:57,1
DA:76,1
DA:80,1
DA:90,1
DA:94,1
DA:121,0
DA:126,0
DA:129,0
DA:133,0
DA:134,0
DA:139,0
DA:145,0
DA:146,0
DA:147,0
DA:148,0
DA:150,0
DA:151,0
DA:154,0
DA:155,0
DA:164,0
DA:165,0
DA:166,0
DA:169,0
DA:170,0
DA:173,0
DA:179,0
DA:180,0
DA:189,0
DA:195,0
DA:200,0
DA:201,0
DA:205,0
DA:206,0
DA:207,0
DA:208,0
DA:215,0
DA:220,0
DA:221,0
DA:224,0
DA:229,0
DA:230,0
DA:237,0
DA:238,0
DA:240,0
DA:241,0
DA:242,0
DA:245,0
DA:250,0
DA:258,0
DA:268,0
DA:271,0
DA:285,0
DA:289,0
DA:290,0
DA:293,0
DA:299,0
DA:302,0
DA:303,0
DA:304,0
DA:310,0
DA:316,0
DA:317,0
DA:335,0
DA:336,0
DA:337,0
DA:338,0
DA:339,0
DA:340,0
DA:347,0
DA:353,0
DA:354,0
DA:355,0
DA:366,0
DA:367,0
DA:368,0
DA:373,0
DA:374,0
DA:375,0
DA:380,0
DA:381,0
DA:382,0
LF:81
LH:5
end_of_record
